Arguments: 
  /Users/taekyoungmoon/.nvm/versions/node/v16.13.1/bin/node /Users/taekyoungmoon/.nvm/versions/node/v16.13.1/bin/yarn clear

PATH: 
  /Users/taekyoungmoon/.nvm/versions/node/v16.13.1/bin:/usr/local/bin:/usr/bin:/bin:/usr/sbin:/sbin:/Library/Apple/usr/bin:/Users/taekyoungmoon/.nvm/versions/node/v16.13.1/bin:/usr/local/m1-homebrew/bin:/usr/local/m1-homebrew/bin

Yarn version: 
  1.22.17

Node version: 
  16.13.1

Platform: 
  darwin arm64

Trace: 
  SyntaxError: /Users/taekyoungmoon/Documents/Projects/micro-frontend-architecture/container/package.json: Unexpected token } in JSON at position 702
      at JSON.parse (<anonymous>)
      at /Users/taekyoungmoon/.nvm/versions/node/v16.13.1/lib/node_modules/yarn/lib/cli.js:1625:59
      at Generator.next (<anonymous>)
      at step (/Users/taekyoungmoon/.nvm/versions/node/v16.13.1/lib/node_modules/yarn/lib/cli.js:310:30)
      at /Users/taekyoungmoon/.nvm/versions/node/v16.13.1/lib/node_modules/yarn/lib/cli.js:321:13

npm manifest: 
  {
    "name": "container",
    "version": "0.0.0",
    "private": true,
    "devDependencies": {
      "@babel/core": "^7.16.12",
      "@babel/preset-env": "^7.16.11",
      "@babel/preset-react": "^7.16.7",
      "@babel/preset-typescript": "^7.16.7",
      "@module-federation/fmr": "^0.0.7",
      "@types/react": "^17.0.38",
      "@types/react-dom": "^17.0.11",
      "babel-loader": "^8.2.3",
      "bundle-loader": "0.5.6",
      "eslint": "^8.7.0",
      "html-webpack-plugin": "5.5.0",
      "serve": "12.0.1",
      "ts-loader": "^9.2.6",
      "typescript": "^4.5.5",
      "webpack": "5.66.0",
      "webpack-cli": "^4.9.2",
      "webpack-dev-server": "4.7.3",
      "@types/react-router-dom": "^5.3.3",
      "prettier": "^2.5.1",
    },
    "scripts": {
      "start": "webpack-cli serve",
      "build": "webpack --mode production",
      "serve": "serve dist -p 3001",
      "clean": "rm -rf dist"
    },
    "dependencies": {
      "react": "^16.13.0",
      "react-dom": "^16.13.0",
      "react-router-dom": "^6.2.1"
    }
  }

yarn manifest: 
  No manifest

Lockfile: 
  No lockfile
